<?xml version="1.0" encoding="UTF-8"?>
<!-- Generated by org.testng.reporters.JUnitXMLReporter -->
<testsuite ignored="0" hostname="Disney" failures="0" tests="3" name="selftest" time="13.696" errors="0" timestamp="2025-08-15T12:56:50 IST">
  <testcase classname="day20.FirstTestCase" name="openApplication" time="12.178"/>
  <testcase classname="day20.FirstTestCase" name="EnterText" time="0.459"/>
  <testcase classname="day20.FirstTestCase" name="closeApplication" time="0.858"/>
</testsuite> <!-- selftest -->
