<?xml version="1.0" encoding="UTF-8"?>
<!-- Generated by org.testng.reporters.JUnitXMLReporter -->
<testsuite ignored="0" hostname="Disney" failures="1" tests="3" name="Test" time="11.252" errors="0" timestamp="2025-08-18T00:00:26 IST">
  <testcase classname="day24.SimpleTests" name="TestTitle0" time="0.126"/>
  <testcase classname="day24.SimpleTests" name="TestTitle1" time="0.057">
    <failure type="java.lang.AssertionError" message="expected [Automation Testing Practic] but found [Automation Testing Practice]">
      <![CDATA[java.lang.AssertionError: expected [Automation Testing Practic] but found [Automation Testing Practice]
at day24.SimpleTests.TestTitle1(SimpleTests.java:35)
at java.base/java.util.ArrayList.forEach(ArrayList.java:1604)
... Removed 31 stack frames]]>
    </failure>
  </testcase> <!-- TestTitle1 -->
  <testcase classname="day24.SimpleTests" name="TestTitle" time="0.001">
    <skipped/>
  </testcase> <!-- TestTitle -->
</testsuite> <!-- Test -->
